# JRE version: OpenJDK Runtime Environment Microsoft-11926163 (17.0.16+8) (build 17.0.16+8-LTS)
# Java VM: OpenJDK 64-Bit Server VM Microsoft-11926163 (17.0.16+8-LTS, mixed mode, sharing, tiered, compressed oops, compressed class ptrs, g1 gc, windows-amd64)
GC Precious Log:
 CPUs: 4 total, 4 available
 Memory: 4004M
 Large Page Support: Disabled
 NUMA Support: Disabled
 Compressed Oops: Enabled (32-bit)
 Heap Region Size: 1M
 Heap Min Capacity: 8M
 Heap Initial Capacity: 64M
 Heap Max Capacity: 1002M
 Pre-touch: Disabled
 Parallel Workers: 4
 Concurrent Workers: 1
 Concurrent Refinement Workers: 4
 Periodic GC: Disabled
Heap:
 garbage-first heap   total 526336K, used 442974K [0x00000000c1600000, 0x0000000100000000)
  region size 1024K, 4 young (4096K), 4 survivors (4096K)
 Metaspace       used 75902K, committed 76480K, reserved 1179648K
  class space    used 7808K, committed 8064K, reserved 1048576K
GC Heap History (20 events):
Event: 9358.273 GC heap after
{Heap after GC invocations=1055 (full 0):
 garbage-first heap   total 526336K, used 411921K [0x00000000c1600000, 0x0000000100000000)
  region size 1024K, 5 young (5120K), 5 survivors (5120K)
 Metaspace       used 75877K, committed 76480K, reserved 1179648K
  class space    used 7808K, committed 8064K, reserved 1048576K
}
Event: 9361.286 GC heap before
{Heap before GC invocations=1055 (full 0):
 garbage-first heap   total 526336K, used 459025K [0x00000000c1600000, 0x0000000100000000)
  region size 1024K, 50 young (51200K), 5 survivors (5120K)
 Metaspace       used 75889K, committed 76480K, reserved 1179648K
  class space    used 7808K, committed 8064K, reserved 1048576K
}
Event: 9361.432 GC heap after
{Heap after GC invocations=1056 (full 0):
 garbage-first heap   total 526336K, used 416216K [0x00000000c1600000, 0x0000000100000000)
  region size 1024K, 5 young (5120K), 5 survivors (5120K)
 Metaspace       used 75889K, committed 76480K, reserved 1179648K
  class space    used 7808K, committed 8064K, reserved 1048576K
}
Event: 9362.739 GC heap before
{Heap before GC invocations=1056 (full 0):
 garbage-first heap   total 526336K, used 459224K [0x00000000c1600000, 0x0000000100000000)
  region size 1024K, 46 young (47104K), 5 survivors (5120K)
 Metaspace       used 75890K, committed 76480K, reserved 1179648K
  class space    used 7808K, committed 8064K, reserved 1048576K
}
Event: 9362.850 GC heap after
{Heap after GC invocations=1057 (full 0):
 garbage-first heap   total 526336K, used 420650K [0x00000000c1600000, 0x0000000100000000)
  region size 1024K, 5 young (5120K), 5 survivors (5120K)
 Metaspace       used 75890K, committed 76480K, reserved 1179648K
  class space    used 7808K, committed 8064K, reserved 1048576K
}
Event: 9363.564 GC heap before
{Heap before GC invocations=1057 (full 0):
 garbage-first heap   total 526336K, used 460586K [0x00000000c1600000, 0x0000000100000000)
  region size 1024K, 43 young (44032K), 5 survivors (5120K)
 Metaspace       used 75890K, committed 76480K, reserved 1179648K
  class space    used 7808K, committed 8064K, reserved 1048576K
}
Event: 9363.611 GC heap after
{Heap after GC invocations=1058 (full 0):
 garbage-first heap   total 526336K, used 424892K [0x00000000c1600000, 0x0000000100000000)
  region size 1024K, 5 young (5120K), 5 survivors (5120K)
 Metaspace       used 75890K, committed 76480K, reserved 1179648K
  class space    used 7808K, committed 8064K, reserved 1048576K
}
Event: 9363.968 GC heap before
{Heap before GC invocations=1058 (full 0):
 garbage-first heap   total 526336K, used 460732K [0x00000000c1600000, 0x0000000100000000)
  region size 1024K, 39 young (39936K), 5 survivors (5120K)
 Metaspace       used 75894K, committed 76480K, reserved 1179648K
  class space    used 7808K, committed 8064K, reserved 1048576K
}
Event: 9363.998 GC heap after
{Heap after GC invocations=1059 (full 0):
 garbage-first heap   total 526336K, used 429056K [0x00000000c1600000, 0x0000000100000000)
  region size 1024K, 5 young (5120K), 5 survivors (5120K)
 Metaspace       used 75894K, committed 76480K, reserved 1179648K
  class space    used 7808K, committed 8064K, reserved 1048576K
}
Event: 9364.113 GC heap before
{Heap before GC invocations=1059 (full 0):
 garbage-first heap   total 526336K, used 460800K [0x00000000c1600000, 0x0000000100000000)
  region size 1024K, 36 young (36864K), 5 survivors (5120K)
 Metaspace       used 75894K, committed 76480K, reserved 1179648K
  class space    used 7808K, committed 8064K, reserved 1048576K
}
Event: 9364.152 GC heap after
{Heap after GC invocations=1060 (full 0):
 garbage-first heap   total 526336K, used 431161K [0x00000000c1600000, 0x0000000100000000)
  region size 1024K, 4 young (4096K), 4 survivors (4096K)
 Metaspace       used 75894K, committed 76480K, reserved 1179648K
  class space    used 7808K, committed 8064K, reserved 1048576K
}
Event: 9364.235 GC heap before
{Heap before GC invocations=1060 (full 0):
 garbage-first heap   total 526336K, used 461881K [0x00000000c1600000, 0x0000000100000000)
  region size 1024K, 33 young (33792K), 4 survivors (4096K)
 Metaspace       used 75897K, committed 76480K, reserved 1179648K
  class space    used 7808K, committed 8064K, reserved 1048576K
}
Event: 9364.261 GC heap after
{Heap after GC invocations=1061 (full 0):
 garbage-first heap   total 526336K, used 432931K [0x00000000c1600000, 0x0000000100000000)
  region size 1024K, 2 young (2048K), 2 survivors (2048K)
 Metaspace       used 75897K, committed 76480K, reserved 1179648K
  class space    used 7808K, committed 8064K, reserved 1048576K
}
Event: 9366.304 GC heap before
{Heap before GC invocations=1061 (full 0):
 garbage-first heap   total 526336K, used 463651K [0x00000000c1600000, 0x0000000100000000)
  region size 1024K, 31 young (31744K), 2 survivors (2048K)
 Metaspace       used 75898K, committed 76480K, reserved 1179648K
  class space    used 7808K, committed 8064K, reserved 1048576K
}
Event: 9366.474 GC heap after
{Heap after GC invocations=1062 (full 0):
 garbage-first heap   total 526336K, used 435847K [0x00000000c1600000, 0x0000000100000000)
  region size 1024K, 4 young (4096K), 4 survivors (4096K)
 Metaspace       used 75898K, committed 76480K, reserved 1179648K
  class space    used 7808K, committed 8064K, reserved 1048576K
}
Event: 9368.176 GC heap before
{Heap before GC invocations=1062 (full 0):
 garbage-first heap   total 526336K, used 464519K [0x00000000c1600000, 0x0000000100000000)
  region size 1024K, 31 young (31744K), 4 survivors (4096K)
 Metaspace       used 75902K, committed 76480K, reserved 1179648K
  class space    used 7808K, committed 8064K, reserved 1048576K
}
Event: 9368.236 GC heap after
{Heap after GC invocations=1063 (full 0):
 garbage-first heap   total 526336K, used 439383K [0x00000000c1600000, 0x0000000100000000)
  region size 1024K, 4 young (4096K), 4 survivors (4096K)
 Metaspace       used 75902K, committed 76480K, reserved 1179648K
  class space    used 7808K, committed 8064K, reserved 1048576K
}
Event: 9368.363 GC heap before
{Heap before GC invocations=1063 (full 0):
 garbage-first heap   total 526336K, used 461911K [0x00000000c1600000, 0x0000000100000000)
  region size 1024K, 27 young (27648K), 4 survivors (4096K)
 Metaspace       used 75902K, committed 76480K, reserved 1179648K
  class space    used 7808K, committed 8064K, reserved 1048576K
}
Event: 9368.439 GC heap after
{Heap after GC invocations=1064 (full 0):
 garbage-first heap   total 526336K, used 440646K [0x00000000c1600000, 0x0000000100000000)
  region size 1024K, 2 young (2048K), 2 survivors (2048K)
 Metaspace       used 75902K, committed 76480K, reserved 1179648K
  class space    used 7808K, committed 8064K, reserved 1048576K
}
Event: 9369.252 GC heap before
{Heap before GC invocations=1064 (full 0):
 garbage-first heap   total 526336K, used 464198K [0x00000000c1600000, 0x0000000100000000)
  region size 1024K, 25 young (25600K), 2 survivors (2048K)
 Metaspace       used 75902K, committed 76480K, reserved 1179648K
  class space    used 7808K, committed 8064K, reserved 1048576K
}

